<?xml version="1.0" encoding="UTF-8"?>
<!-- Generated by org.testng.reporters.JUnitReportReporter -->
<testsuite hostname="LAPTOP-95K17NKT" failures="0" tests="1" name="com.actitime.testscript.CustomerModule" time="6.415" errors="0" timestamp="2024-10-24T11:48:18 IST" skipped="0">
  <testcase classname="com.actitime.testscript.CustomerModule" name="createCustomer" time="6.415"/>
  <system-out/>
</testsuite> <!-- com.actitime.testscript.CustomerModule -->
